<?xml version="1.0" encoding="UTF-8"?>
<!-- Generated by org.testng.reporters.JUnitReportReporter -->
<testsuite skipped="0" hostname="sagar" name="testNgSamples.Sample2" tests="1" failures="0" timestamp="2021-10-23T16:52:17 IST" time="0.018" errors="0">
  <testcase name="Login" time="0.018" classname="testNgSamples.Sample2"/>
  <system-out/>
</testsuite> <!-- testNgSamples.Sample2 -->
