<?xml version="1.0" encoding="UTF-8"?>
<!-- Generated by org.testng.reporters.JUnitReportReporter -->
<testsuite skipped="0" hostname="sagar" name="testNgSamples.Sample1" tests="3" failures="0" timestamp="2021-10-23T16:34:44 IST" time="0.019" errors="0">
  <testcase name="testcase1" time="0.013" classname="testNgSamples.Sample1"/>
  <system-out/>
  <testcase name="testcase2" time="0.004" classname="testNgSamples.Sample1"/>
  <system-out/>
  <testcase name="testcase3" time="0.002" classname="testNgSamples.Sample1"/>
  <system-out/>
</testsuite> <!-- testNgSamples.Sample1 -->
